<?xml version="1.0" encoding="UTF-8"?>
<!-- Generated by org.testng.reporters.JUnitReportReporter -->
<testsuite skipped="0" hostname="User-PC" name="com.crm.qa.testcases.LoginPageTest" tests="1" failures="0" timestamp="03 May 2019 18:07:28 GMT" time="9.206" errors="0">
  <testcase name="loginPageTitleTest" time="9.206" classname="com.crm.qa.testcases.LoginPageTest"/>
</testsuite> <!-- com.crm.qa.testcases.LoginPageTest -->
