<?xml version="1.0" encoding="UTF-8"?>
<!-- Generated by org.testng.reporters.JUnitReportReporter -->
<testsuite skipped="0" hostname="User-PC" name="com.crm.qa.testcases.ContactsPageTest" tests="1" failures="0" timestamp="03 May 2019 18:07:28 GMT" time="41.369" errors="0">
  <testcase name="verifyContactsPageLabel" time="41.369" classname="com.crm.qa.testcases.ContactsPageTest"/>
</testsuite> <!-- com.crm.qa.testcases.ContactsPageTest -->
