<?xml version="1.0" encoding="UTF-8"?>
<!-- Generated by org.testng.reporters.JUnitReportReporter -->
<testsuite skipped="0" hostname="User-PC" name="com.crm.qa.testcases.HomePageTest" tests="1" failures="0" timestamp="03 May 2019 18:07:28 GMT" time="18.091" errors="0">
  <testcase name="verifyHomePageTitleTest" time="18.091" classname="com.crm.qa.testcases.HomePageTest"/>
</testsuite> <!-- com.crm.qa.testcases.HomePageTest -->
